<?xml version="1.0" encoding="UTF-8"?>
<!-- Generated by org.testng.reporters.JUnitXMLReporter -->
<testsuite hostname="DESKTOP-6CEDLGM" ignored="0" name="Surefire test" tests="11" failures="0" timestamp="2022-02-08T16:17:55 IST" time="145.423" errors="0">
  <testcase name="extentReportFile" time="0.372" classname="TestScript.MakeMyTripTest"/>
  <testcase name="LaunchApp" time="10.489" classname="TestScript.MakeMyTripTest"/>
  <testcase name="Cabs" time="9.767" classname="TestScript.MakeMyTripTest"/>
  <testcase name="Cabs1" time="36.41" classname="TestScript.MakeMyTripTest"/>
  <testcase name="search" time="6.748" classname="TestScript.MakeMyTripTest"/>
  <testcase name="cabType" time="6.705" classname="TestScript.MakeMyTripTest"/>
  <testcase name="GiftCards" time="13.358" classname="TestScript.MakeMyTripTest"/>
  <testcase name="GiftCards1" time="45.103" classname="TestScript.MakeMyTripTest"/>
  <testcase name="navigation" time="6.719" classname="TestScript.MakeMyTripTest"/>
  <testcase name="Hotels" time="4.738" classname="TestScript.MakeMyTripTest"/>
  <testcase name="Hotels1" time="4.854" classname="TestScript.MakeMyTripTest"/>
</testsuite> <!-- Surefire test -->
