<?xml version="1.0" encoding="UTF-8"?>
<!-- Generated by org.testng.reporters.JUnitXMLReporter -->
<testsuite ignored="0" hostname="DESKTOP-6CEDLGM" failures="0" tests="11" name="Default test" time="173.87" errors="0" timestamp="2022-02-09T17:29:33 IST">
  <testcase classname="TestScript.MakeMyTripTest" name="extentReportFile" time="0.701"/>
  <testcase classname="TestScript.MakeMyTripTest" name="LaunchApp" time="18.707"/>
  <testcase classname="TestScript.MakeMyTripTest" name="Cabs" time="16.193"/>
  <testcase classname="TestScript.MakeMyTripTest" name="Cabs1" time="41.807"/>
  <testcase classname="TestScript.MakeMyTripTest" name="search" time="8.93"/>
  <testcase classname="TestScript.MakeMyTripTest" name="cabType" time="10.65"/>
  <testcase classname="TestScript.MakeMyTripTest" name="GiftCards" time="12.999"/>
  <testcase classname="TestScript.MakeMyTripTest" name="GiftCards1" time="46.746"/>
  <testcase classname="TestScript.MakeMyTripTest" name="navigation" time="6.83"/>
  <testcase classname="TestScript.MakeMyTripTest" name="Hotels" time="5.173"/>
  <testcase classname="TestScript.MakeMyTripTest" name="Hotels1" time="4.868"/>
</testsuite> <!-- Default test -->
