<?xml version="1.0" encoding="UTF-8"?>
<!-- Generated by org.testng.reporters.JUnitXMLReporter -->
<testsuite ignored="0" hostname="LTIN221519" failures="0" tests="12" name="Default test" time="57.441" errors="0" timestamp="2022-01-22T02:07:42 PST">
  <testcase classname="TestScript.MakeMyTripTest" name="extentReportFile" time="0.57"/>
  <testcase classname="TestScript.MakeMyTripTest" name="LaunchApp" time="11.135"/>
  <testcase classname="TestScript.MakeMyTripTest" name="Cabs" time="6.771"/>
  <testcase classname="TestScript.MakeMyTripTest" name="Cabs1" time="12.949"/>
  <testcase classname="TestScript.MakeMyTripTest" name="search" time="4.171"/>
  <testcase classname="TestScript.MakeMyTripTest" name="cabType" time="5.336"/>
  <testcase classname="TestScript.MakeMyTripTest" name="GiftCards" time="2.581"/>
  <testcase classname="TestScript.MakeMyTripTest" name="GiftCards1" time="5.729"/>
  <testcase classname="TestScript.MakeMyTripTest" name="Screenshot" time="2.332"/>
  <testcase classname="TestScript.MakeMyTripTest" name="navigation" time="5.039"/>
  <testcase classname="TestScript.MakeMyTripTest" name="Hotels" time="0.28"/>
  <testcase classname="TestScript.MakeMyTripTest" name="Hotels1" time="0.46"/>
</testsuite> <!-- Default test -->
