<?xml version="1.0" encoding="UTF-8"?>
<!-- Generated by org.testng.reporters.JUnitXMLReporter -->
<testsuite ignored="0" hostname="DESKTOP-6CEDLGM" failures="0" tests="11" name="Test" time="144.208" errors="0" timestamp="2022-02-07T17:23:16 IST">
  <testcase classname="TestScript.MakeMyTripTest" name="extentReportFile" time="0.637"/>
  <testcase classname="TestScript.MakeMyTripTest" name="LaunchApp" time="10.49"/>
  <testcase classname="TestScript.MakeMyTripTest" name="Cabs" time="9.418"/>
  <testcase classname="TestScript.MakeMyTripTest" name="Cabs1" time="36.694"/>
  <testcase classname="TestScript.MakeMyTripTest" name="search" time="6.918"/>
  <testcase classname="TestScript.MakeMyTripTest" name="cabType" time="6.583"/>
  <testcase classname="TestScript.MakeMyTripTest" name="GiftCards" time="12.585"/>
  <testcase classname="TestScript.MakeMyTripTest" name="GiftCards1" time="44.631"/>
  <testcase classname="TestScript.MakeMyTripTest" name="navigation" time="6.373"/>
  <testcase classname="TestScript.MakeMyTripTest" name="Hotels" time="4.835"/>
  <testcase classname="TestScript.MakeMyTripTest" name="Hotels1" time="4.851"/>
</testsuite> <!-- Test -->
