<?xml version="1.0" encoding="UTF-8"?>
<!-- Generated by org.testng.reporters.JUnitXMLReporter -->
<testsuite ignored="4" hostname="DESKTOP-6CEDLGM" failures="0" tests="7" name="smoke Test" time="61.693" errors="0" timestamp="2022-02-09T14:12:41 IST">
  <testcase classname="TestScript.MakeMyTripTest" name="extentReportFile" time="0.243"/>
  <testcase classname="TestScript.MakeMyTripTest" name="LaunchApp" time="19.455"/>
  <testcase classname="TestScript.MakeMyTripTest" name="Cabs" time="14.613"/>
  <testcase classname="TestScript.MakeMyTripTest" name="search" time="7.368"/>
  <testcase classname="TestScript.MakeMyTripTest" name="GiftCards" time="9.112"/>
  <testcase classname="TestScript.MakeMyTripTest" name="navigation" time="4.238"/>
  <testcase classname="TestScript.MakeMyTripTest" name="Hotels" time="6.533"/>
  <testcase classname="TestScript.MakeMyTripTest" name="cabType" time="0.0">
    <ignored/>
  </testcase> <!-- cabType -->
  <testcase classname="TestScript.MakeMyTripTest" name="GiftCards1" time="0.0">
    <ignored/>
  </testcase> <!-- GiftCards1 -->
  <testcase classname="TestScript.MakeMyTripTest" name="Hotels1" time="0.0">
    <ignored/>
  </testcase> <!-- Hotels1 -->
  <testcase classname="TestScript.MakeMyTripTest" name="Cabs1" time="0.0">
    <ignored/>
  </testcase> <!-- Cabs1 -->
</testsuite> <!-- smoke Test -->
