<?xml version="1.0" encoding="UTF-8"?>
<!-- Generated by org.testng.reporters.JUnitXMLReporter -->
<testsuite ignored="0" hostname="DESKTOP-6CEDLGM" failures="0" tests="11" name="Regression Test" time="156.689" errors="0" timestamp="2022-02-09T14:15:36 IST">
  <testcase classname="TestScript.MakeMyTripTest" name="extentReportFile" time="0.003"/>
  <testcase classname="TestScript.MakeMyTripTest" name="LaunchApp" time="13.724"/>
  <testcase classname="TestScript.MakeMyTripTest" name="Cabs" time="9.814"/>
  <testcase classname="TestScript.MakeMyTripTest" name="Cabs1" time="37.904"/>
  <testcase classname="TestScript.MakeMyTripTest" name="search" time="10.303"/>
  <testcase classname="TestScript.MakeMyTripTest" name="cabType" time="8.356"/>
  <testcase classname="TestScript.MakeMyTripTest" name="GiftCards" time="14.184"/>
  <testcase classname="TestScript.MakeMyTripTest" name="GiftCards1" time="46.29"/>
  <testcase classname="TestScript.MakeMyTripTest" name="navigation" time="5.781"/>
  <testcase classname="TestScript.MakeMyTripTest" name="Hotels" time="5.078"/>
  <testcase classname="TestScript.MakeMyTripTest" name="Hotels1" time="5.2"/>
</testsuite> <!-- Regression Test -->
