<?xml version="1.0" encoding="UTF-8"?>
<testng-results skipped="0" failed="0" ignored="0" total="11" passed="11">
  <reporter-output>
  </reporter-output>
  <suite name="Surefire suite" duration-ms="145423" started-at="2022-02-08T16:15:30 IST" finished-at="2022-02-08T16:17:55 IST">
    <groups>
      <group name="Regression">
        <method signature="MakeMyTripTest.Cabs()[pri:3, instance:TestScript.MakeMyTripTest@bd8db5a]" name="Cabs" class="TestScript.MakeMyTripTest"/>
        <method signature="MakeMyTripTest.Cabs1()[pri:4, instance:TestScript.MakeMyTripTest@bd8db5a]" name="Cabs1" class="TestScript.MakeMyTripTest"/>
        <method signature="MakeMyTripTest.GiftCards()[pri:7, instance:TestScript.MakeMyTripTest@bd8db5a]" name="GiftCards" class="TestScript.MakeMyTripTest"/>
        <method signature="MakeMyTripTest.GiftCards1()[pri:8, instance:TestScript.MakeMyTripTest@bd8db5a]" name="GiftCards1" class="TestScript.MakeMyTripTest"/>
        <method signature="MakeMyTripTest.Hotels()[pri:11, instance:TestScript.MakeMyTripTest@bd8db5a]" name="Hotels" class="TestScript.MakeMyTripTest"/>
        <method signature="MakeMyTripTest.Hotels1()[pri:12, instance:TestScript.MakeMyTripTest@bd8db5a]" name="Hotels1" class="TestScript.MakeMyTripTest"/>
        <method signature="MakeMyTripTest.LaunchApp()[pri:2, instance:TestScript.MakeMyTripTest@bd8db5a]" name="LaunchApp" class="TestScript.MakeMyTripTest"/>
        <method signature="MakeMyTripTest.cabType()[pri:6, instance:TestScript.MakeMyTripTest@bd8db5a]" name="cabType" class="TestScript.MakeMyTripTest"/>
        <method signature="MakeMyTripTest.extentReportFile()[pri:1, instance:TestScript.MakeMyTripTest@bd8db5a]" name="extentReportFile" class="TestScript.MakeMyTripTest"/>
        <method signature="MakeMyTripTest.navigation()[pri:10, instance:TestScript.MakeMyTripTest@bd8db5a]" name="navigation" class="TestScript.MakeMyTripTest"/>
        <method signature="MakeMyTripTest.search()[pri:5, instance:TestScript.MakeMyTripTest@bd8db5a]" name="search" class="TestScript.MakeMyTripTest"/>
      </group> <!-- Regression -->
      <group name="smoke">
        <method signature="MakeMyTripTest.Cabs()[pri:3, instance:TestScript.MakeMyTripTest@bd8db5a]" name="Cabs" class="TestScript.MakeMyTripTest"/>
        <method signature="MakeMyTripTest.GiftCards()[pri:7, instance:TestScript.MakeMyTripTest@bd8db5a]" name="GiftCards" class="TestScript.MakeMyTripTest"/>
        <method signature="MakeMyTripTest.Hotels()[pri:11, instance:TestScript.MakeMyTripTest@bd8db5a]" name="Hotels" class="TestScript.MakeMyTripTest"/>
        <method signature="MakeMyTripTest.LaunchApp()[pri:2, instance:TestScript.MakeMyTripTest@bd8db5a]" name="LaunchApp" class="TestScript.MakeMyTripTest"/>
        <method signature="MakeMyTripTest.extentReportFile()[pri:1, instance:TestScript.MakeMyTripTest@bd8db5a]" name="extentReportFile" class="TestScript.MakeMyTripTest"/>
        <method signature="MakeMyTripTest.navigation()[pri:10, instance:TestScript.MakeMyTripTest@bd8db5a]" name="navigation" class="TestScript.MakeMyTripTest"/>
        <method signature="MakeMyTripTest.search()[pri:5, instance:TestScript.MakeMyTripTest@bd8db5a]" name="search" class="TestScript.MakeMyTripTest"/>
      </group> <!-- smoke -->
    </groups>
    <test name="Surefire test" duration-ms="145423" started-at="2022-02-08T16:15:30 IST" finished-at="2022-02-08T16:17:55 IST">
      <class name="TestScript.MakeMyTripTest">
        <test-method status="PASS" signature="BrowserCall()[pri:0, instance:TestScript.MakeMyTripTest@bd8db5a]" name="BrowserCall" is-config="true" duration-ms="14762" started-at="2022-02-08T16:15:15 IST" finished-at="2022-02-08T16:15:30 IST">
          <reporter-output>
          </reporter-output>
        </test-method> <!-- BrowserCall -->
        <test-method status="PASS" signature="extentReportFile()[pri:1, instance:TestScript.MakeMyTripTest@bd8db5a]" name="extentReportFile" duration-ms="372" started-at="2022-02-08T16:15:30 IST" finished-at="2022-02-08T16:15:30 IST">
          <reporter-output>
          </reporter-output>
        </test-method> <!-- extentReportFile -->
        <test-method status="PASS" signature="LaunchApp()[pri:2, instance:TestScript.MakeMyTripTest@bd8db5a]" name="LaunchApp" duration-ms="10489" started-at="2022-02-08T16:15:30 IST" finished-at="2022-02-08T16:15:41 IST">
          <reporter-output>
          </reporter-output>
        </test-method> <!-- LaunchApp -->
        <test-method status="PASS" signature="Cabs()[pri:3, instance:TestScript.MakeMyTripTest@bd8db5a]" name="Cabs" duration-ms="9767" started-at="2022-02-08T16:15:41 IST" finished-at="2022-02-08T16:15:50 IST">
          <reporter-output>
          </reporter-output>
        </test-method> <!-- Cabs -->
        <test-method status="PASS" signature="Cabs1()[pri:4, instance:TestScript.MakeMyTripTest@bd8db5a]" name="Cabs1" duration-ms="36410" started-at="2022-02-08T16:15:50 IST" finished-at="2022-02-08T16:16:27 IST">
          <reporter-output>
          </reporter-output>
        </test-method> <!-- Cabs1 -->
        <test-method status="PASS" signature="search()[pri:5, instance:TestScript.MakeMyTripTest@bd8db5a]" name="search" duration-ms="6748" started-at="2022-02-08T16:16:27 IST" finished-at="2022-02-08T16:16:33 IST">
          <reporter-output>
          </reporter-output>
        </test-method> <!-- search -->
        <test-method status="PASS" signature="cabType()[pri:6, instance:TestScript.MakeMyTripTest@bd8db5a]" name="cabType" duration-ms="6705" started-at="2022-02-08T16:16:33 IST" finished-at="2022-02-08T16:16:40 IST">
          <reporter-output>
          </reporter-output>
        </test-method> <!-- cabType -->
        <test-method status="PASS" signature="GiftCards()[pri:7, instance:TestScript.MakeMyTripTest@bd8db5a]" name="GiftCards" duration-ms="13358" started-at="2022-02-08T16:16:40 IST" finished-at="2022-02-08T16:16:54 IST">
          <reporter-output>
          </reporter-output>
        </test-method> <!-- GiftCards -->
        <test-method status="PASS" signature="GiftCards1()[pri:8, instance:TestScript.MakeMyTripTest@bd8db5a]" name="GiftCards1" duration-ms="45103" started-at="2022-02-08T16:16:54 IST" finished-at="2022-02-08T16:17:39 IST">
          <reporter-output>
          </reporter-output>
        </test-method> <!-- GiftCards1 -->
        <test-method status="PASS" signature="navigation()[pri:10, instance:TestScript.MakeMyTripTest@bd8db5a]" name="navigation" duration-ms="6719" started-at="2022-02-08T16:17:39 IST" finished-at="2022-02-08T16:17:45 IST">
          <reporter-output>
          </reporter-output>
        </test-method> <!-- navigation -->
        <test-method status="PASS" signature="Hotels()[pri:11, instance:TestScript.MakeMyTripTest@bd8db5a]" name="Hotels" duration-ms="4738" started-at="2022-02-08T16:17:45 IST" finished-at="2022-02-08T16:17:50 IST">
          <reporter-output>
          </reporter-output>
        </test-method> <!-- Hotels -->
        <test-method status="PASS" signature="Hotels1()[pri:12, instance:TestScript.MakeMyTripTest@bd8db5a]" name="Hotels1" duration-ms="4854" started-at="2022-02-08T16:17:50 IST" finished-at="2022-02-08T16:17:55 IST">
          <reporter-output>
          </reporter-output>
        </test-method> <!-- Hotels1 -->
        <test-method status="PASS" signature="CloseBrowser()[pri:0, instance:TestScript.MakeMyTripTest@bd8db5a]" name="CloseBrowser" is-config="true" duration-ms="4066" started-at="2022-02-08T16:17:55 IST" finished-at="2022-02-08T16:17:59 IST">
          <reporter-output>
          </reporter-output>
        </test-method> <!-- CloseBrowser -->
      </class> <!-- TestScript.MakeMyTripTest -->
    </test> <!-- Surefire test -->
  </suite> <!-- Surefire suite -->
</testng-results>
