<?xml version="1.0" encoding="UTF-8"?>
<testng-results ignored="4" total="22" passed="18" failed="0" skipped="0">
  <reporter-output>
  </reporter-output>
  <suite started-at="2022-02-09T14:11:38 IST" name="smoke Suite" finished-at="2022-02-09T14:12:40 IST" duration-ms="61693">
    <groups>
      <group name="Regression">
        <method signature="MakeMyTripTest.Cabs()[pri:3, instance:TestScript.MakeMyTripTest@59505b48]" name="Cabs" class="TestScript.MakeMyTripTest"/>
        <method signature="MakeMyTripTest.GiftCards()[pri:7, instance:TestScript.MakeMyTripTest@59505b48]" name="GiftCards" class="TestScript.MakeMyTripTest"/>
        <method signature="MakeMyTripTest.Hotels()[pri:11, instance:TestScript.MakeMyTripTest@59505b48]" name="Hotels" class="TestScript.MakeMyTripTest"/>
        <method signature="MakeMyTripTest.LaunchApp()[pri:2, instance:TestScript.MakeMyTripTest@59505b48]" name="LaunchApp" class="TestScript.MakeMyTripTest"/>
        <method signature="MakeMyTripTest.extentReportFile()[pri:1, instance:TestScript.MakeMyTripTest@59505b48]" name="extentReportFile" class="TestScript.MakeMyTripTest"/>
        <method signature="MakeMyTripTest.navigation()[pri:10, instance:TestScript.MakeMyTripTest@59505b48]" name="navigation" class="TestScript.MakeMyTripTest"/>
        <method signature="MakeMyTripTest.search()[pri:5, instance:TestScript.MakeMyTripTest@59505b48]" name="search" class="TestScript.MakeMyTripTest"/>
      </group> <!-- Regression -->
      <group name="smoke">
        <method signature="MakeMyTripTest.Cabs()[pri:3, instance:TestScript.MakeMyTripTest@59505b48]" name="Cabs" class="TestScript.MakeMyTripTest"/>
        <method signature="MakeMyTripTest.GiftCards()[pri:7, instance:TestScript.MakeMyTripTest@59505b48]" name="GiftCards" class="TestScript.MakeMyTripTest"/>
        <method signature="MakeMyTripTest.Hotels()[pri:11, instance:TestScript.MakeMyTripTest@59505b48]" name="Hotels" class="TestScript.MakeMyTripTest"/>
        <method signature="MakeMyTripTest.LaunchApp()[pri:2, instance:TestScript.MakeMyTripTest@59505b48]" name="LaunchApp" class="TestScript.MakeMyTripTest"/>
        <method signature="MakeMyTripTest.extentReportFile()[pri:1, instance:TestScript.MakeMyTripTest@59505b48]" name="extentReportFile" class="TestScript.MakeMyTripTest"/>
        <method signature="MakeMyTripTest.navigation()[pri:10, instance:TestScript.MakeMyTripTest@59505b48]" name="navigation" class="TestScript.MakeMyTripTest"/>
        <method signature="MakeMyTripTest.search()[pri:5, instance:TestScript.MakeMyTripTest@59505b48]" name="search" class="TestScript.MakeMyTripTest"/>
      </group> <!-- smoke -->
    </groups>
    <test started-at="2022-02-09T14:11:38 IST" name="smoke Test" finished-at="2022-02-09T14:12:40 IST" duration-ms="61693">
      <class name="TestScript.MakeMyTripTest">
        <test-method is-config="true" signature="BrowserCall()[pri:0, instance:TestScript.MakeMyTripTest@59505b48]" started-at="2022-02-09T14:10:58 IST" name="BrowserCall" finished-at="2022-02-09T14:11:38 IST" duration-ms="39960" status="PASS">
          <reporter-output>
          </reporter-output>
        </test-method> <!-- BrowserCall -->
        <test-method signature="extentReportFile()[pri:1, instance:TestScript.MakeMyTripTest@59505b48]" started-at="2022-02-09T14:11:38 IST" name="extentReportFile" finished-at="2022-02-09T14:11:39 IST" duration-ms="243" status="PASS">
          <reporter-output>
          </reporter-output>
        </test-method> <!-- extentReportFile -->
        <test-method signature="LaunchApp()[pri:2, instance:TestScript.MakeMyTripTest@59505b48]" started-at="2022-02-09T14:11:39 IST" name="LaunchApp" finished-at="2022-02-09T14:11:58 IST" duration-ms="19455" status="PASS">
          <reporter-output>
          </reporter-output>
        </test-method> <!-- LaunchApp -->
        <test-method signature="Cabs()[pri:3, instance:TestScript.MakeMyTripTest@59505b48]" started-at="2022-02-09T14:11:58 IST" name="Cabs" finished-at="2022-02-09T14:12:13 IST" duration-ms="14613" status="PASS">
          <reporter-output>
          </reporter-output>
        </test-method> <!-- Cabs -->
        <test-method signature="search()[pri:5, instance:TestScript.MakeMyTripTest@59505b48]" started-at="2022-02-09T14:12:13 IST" name="search" finished-at="2022-02-09T14:12:20 IST" duration-ms="7368" status="PASS">
          <reporter-output>
          </reporter-output>
        </test-method> <!-- search -->
        <test-method signature="GiftCards()[pri:7, instance:TestScript.MakeMyTripTest@59505b48]" started-at="2022-02-09T14:12:20 IST" name="GiftCards" finished-at="2022-02-09T14:12:29 IST" duration-ms="9112" status="PASS">
          <reporter-output>
          </reporter-output>
        </test-method> <!-- GiftCards -->
        <test-method signature="navigation()[pri:10, instance:TestScript.MakeMyTripTest@59505b48]" started-at="2022-02-09T14:12:29 IST" name="navigation" finished-at="2022-02-09T14:12:33 IST" duration-ms="4238" status="PASS">
          <reporter-output>
          </reporter-output>
        </test-method> <!-- navigation -->
        <test-method signature="Hotels()[pri:11, instance:TestScript.MakeMyTripTest@59505b48]" started-at="2022-02-09T14:12:33 IST" name="Hotels" finished-at="2022-02-09T14:12:40 IST" duration-ms="6533" status="PASS">
          <reporter-output>
          </reporter-output>
        </test-method> <!-- Hotels -->
        <test-method is-config="true" signature="CloseBrowser()[pri:0, instance:TestScript.MakeMyTripTest@59505b48]" started-at="2022-02-09T14:12:41 IST" name="CloseBrowser" finished-at="2022-02-09T14:12:46 IST" duration-ms="5316" status="PASS">
          <reporter-output>
          </reporter-output>
        </test-method> <!-- CloseBrowser -->
      </class> <!-- TestScript.MakeMyTripTest -->
    </test> <!-- smoke Test -->
  </suite> <!-- smoke Suite -->
  <suite started-at="2022-02-09T14:15:40 IST" name="Master Suite" finished-at="2022-02-09T14:15:40 IST" duration-ms="0">
    <groups>
    </groups>
  </suite> <!-- Master Suite -->
  <suite started-at="2022-02-09T14:12:59 IST" name="Regression Suite" finished-at="2022-02-09T14:15:36 IST" duration-ms="156689">
    <groups>
      <group name="Regression">
        <method signature="MakeMyTripTest.Cabs()[pri:3, instance:TestScript.MakeMyTripTest@3c77d488]" name="Cabs" class="TestScript.MakeMyTripTest"/>
        <method signature="MakeMyTripTest.Cabs1()[pri:4, instance:TestScript.MakeMyTripTest@3c77d488]" name="Cabs1" class="TestScript.MakeMyTripTest"/>
        <method signature="MakeMyTripTest.GiftCards()[pri:7, instance:TestScript.MakeMyTripTest@3c77d488]" name="GiftCards" class="TestScript.MakeMyTripTest"/>
        <method signature="MakeMyTripTest.GiftCards1()[pri:8, instance:TestScript.MakeMyTripTest@3c77d488]" name="GiftCards1" class="TestScript.MakeMyTripTest"/>
        <method signature="MakeMyTripTest.Hotels()[pri:11, instance:TestScript.MakeMyTripTest@3c77d488]" name="Hotels" class="TestScript.MakeMyTripTest"/>
        <method signature="MakeMyTripTest.Hotels1()[pri:12, instance:TestScript.MakeMyTripTest@3c77d488]" name="Hotels1" class="TestScript.MakeMyTripTest"/>
        <method signature="MakeMyTripTest.LaunchApp()[pri:2, instance:TestScript.MakeMyTripTest@3c77d488]" name="LaunchApp" class="TestScript.MakeMyTripTest"/>
        <method signature="MakeMyTripTest.cabType()[pri:6, instance:TestScript.MakeMyTripTest@3c77d488]" name="cabType" class="TestScript.MakeMyTripTest"/>
        <method signature="MakeMyTripTest.extentReportFile()[pri:1, instance:TestScript.MakeMyTripTest@3c77d488]" name="extentReportFile" class="TestScript.MakeMyTripTest"/>
        <method signature="MakeMyTripTest.navigation()[pri:10, instance:TestScript.MakeMyTripTest@3c77d488]" name="navigation" class="TestScript.MakeMyTripTest"/>
        <method signature="MakeMyTripTest.search()[pri:5, instance:TestScript.MakeMyTripTest@3c77d488]" name="search" class="TestScript.MakeMyTripTest"/>
      </group> <!-- Regression -->
      <group name="smoke">
        <method signature="MakeMyTripTest.Cabs()[pri:3, instance:TestScript.MakeMyTripTest@3c77d488]" name="Cabs" class="TestScript.MakeMyTripTest"/>
        <method signature="MakeMyTripTest.GiftCards()[pri:7, instance:TestScript.MakeMyTripTest@3c77d488]" name="GiftCards" class="TestScript.MakeMyTripTest"/>
        <method signature="MakeMyTripTest.Hotels()[pri:11, instance:TestScript.MakeMyTripTest@3c77d488]" name="Hotels" class="TestScript.MakeMyTripTest"/>
        <method signature="MakeMyTripTest.LaunchApp()[pri:2, instance:TestScript.MakeMyTripTest@3c77d488]" name="LaunchApp" class="TestScript.MakeMyTripTest"/>
        <method signature="MakeMyTripTest.extentReportFile()[pri:1, instance:TestScript.MakeMyTripTest@3c77d488]" name="extentReportFile" class="TestScript.MakeMyTripTest"/>
        <method signature="MakeMyTripTest.navigation()[pri:10, instance:TestScript.MakeMyTripTest@3c77d488]" name="navigation" class="TestScript.MakeMyTripTest"/>
        <method signature="MakeMyTripTest.search()[pri:5, instance:TestScript.MakeMyTripTest@3c77d488]" name="search" class="TestScript.MakeMyTripTest"/>
      </group> <!-- smoke -->
    </groups>
    <test started-at="2022-02-09T14:12:59 IST" name="Regression Test" finished-at="2022-02-09T14:15:36 IST" duration-ms="156689">
      <class name="TestScript.MakeMyTripTest">
        <test-method is-config="true" signature="BrowserCall()[pri:0, instance:TestScript.MakeMyTripTest@3c77d488]" started-at="2022-02-09T14:12:46 IST" name="BrowserCall" finished-at="2022-02-09T14:12:59 IST" duration-ms="13283" status="PASS">
          <reporter-output>
          </reporter-output>
        </test-method> <!-- BrowserCall -->
        <test-method signature="extentReportFile()[pri:1, instance:TestScript.MakeMyTripTest@3c77d488]" started-at="2022-02-09T14:12:59 IST" name="extentReportFile" finished-at="2022-02-09T14:12:59 IST" duration-ms="3" status="PASS">
          <reporter-output>
          </reporter-output>
        </test-method> <!-- extentReportFile -->
        <test-method signature="LaunchApp()[pri:2, instance:TestScript.MakeMyTripTest@3c77d488]" started-at="2022-02-09T14:12:59 IST" name="LaunchApp" finished-at="2022-02-09T14:13:13 IST" duration-ms="13724" status="PASS">
          <reporter-output>
          </reporter-output>
        </test-method> <!-- LaunchApp -->
        <test-method signature="Cabs()[pri:3, instance:TestScript.MakeMyTripTest@3c77d488]" started-at="2022-02-09T14:13:13 IST" name="Cabs" finished-at="2022-02-09T14:13:23 IST" duration-ms="9814" status="PASS">
          <reporter-output>
          </reporter-output>
        </test-method> <!-- Cabs -->
        <test-method signature="Cabs1()[pri:4, instance:TestScript.MakeMyTripTest@3c77d488]" started-at="2022-02-09T14:13:23 IST" name="Cabs1" finished-at="2022-02-09T14:14:01 IST" duration-ms="37904" status="PASS">
          <reporter-output>
          </reporter-output>
        </test-method> <!-- Cabs1 -->
        <test-method signature="search()[pri:5, instance:TestScript.MakeMyTripTest@3c77d488]" started-at="2022-02-09T14:14:01 IST" name="search" finished-at="2022-02-09T14:14:11 IST" duration-ms="10303" status="PASS">
          <reporter-output>
          </reporter-output>
        </test-method> <!-- search -->
        <test-method signature="cabType()[pri:6, instance:TestScript.MakeMyTripTest@3c77d488]" started-at="2022-02-09T14:14:11 IST" name="cabType" finished-at="2022-02-09T14:14:19 IST" duration-ms="8356" status="PASS">
          <reporter-output>
          </reporter-output>
        </test-method> <!-- cabType -->
        <test-method signature="GiftCards()[pri:7, instance:TestScript.MakeMyTripTest@3c77d488]" started-at="2022-02-09T14:14:19 IST" name="GiftCards" finished-at="2022-02-09T14:14:33 IST" duration-ms="14184" status="PASS">
          <reporter-output>
          </reporter-output>
        </test-method> <!-- GiftCards -->
        <test-method signature="GiftCards1()[pri:8, instance:TestScript.MakeMyTripTest@3c77d488]" started-at="2022-02-09T14:14:33 IST" name="GiftCards1" finished-at="2022-02-09T14:15:20 IST" duration-ms="46290" status="PASS">
          <reporter-output>
          </reporter-output>
        </test-method> <!-- GiftCards1 -->
        <test-method signature="navigation()[pri:10, instance:TestScript.MakeMyTripTest@3c77d488]" started-at="2022-02-09T14:15:20 IST" name="navigation" finished-at="2022-02-09T14:15:26 IST" duration-ms="5781" status="PASS">
          <reporter-output>
          </reporter-output>
        </test-method> <!-- navigation -->
        <test-method signature="Hotels()[pri:11, instance:TestScript.MakeMyTripTest@3c77d488]" started-at="2022-02-09T14:15:26 IST" name="Hotels" finished-at="2022-02-09T14:15:31 IST" duration-ms="5078" status="PASS">
          <reporter-output>
          </reporter-output>
        </test-method> <!-- Hotels -->
        <test-method signature="Hotels1()[pri:12, instance:TestScript.MakeMyTripTest@3c77d488]" started-at="2022-02-09T14:15:31 IST" name="Hotels1" finished-at="2022-02-09T14:15:36 IST" duration-ms="5200" status="PASS">
          <reporter-output>
          </reporter-output>
        </test-method> <!-- Hotels1 -->
        <test-method is-config="true" signature="CloseBrowser()[pri:0, instance:TestScript.MakeMyTripTest@3c77d488]" started-at="2022-02-09T14:15:36 IST" name="CloseBrowser" finished-at="2022-02-09T14:15:39 IST" duration-ms="3371" status="PASS">
          <reporter-output>
          </reporter-output>
        </test-method> <!-- CloseBrowser -->
      </class> <!-- TestScript.MakeMyTripTest -->
    </test> <!-- Regression Test -->
  </suite> <!-- Regression Suite -->
</testng-results>
