<?xml version="1.0" encoding="UTF-8"?>
<testng-results ignored="0" total="11" passed="11" failed="0" skipped="0">
  <reporter-output>
  </reporter-output>
  <suite started-at="2022-02-09T17:26:39 IST" name="Default suite" finished-at="2022-02-09T17:29:33 IST" duration-ms="173870">
    <groups>
      <group name="Regression">
        <method signature="MakeMyTripTest.Cabs()[pri:3, instance:TestScript.MakeMyTripTest@e350b40]" name="Cabs" class="TestScript.MakeMyTripTest"/>
        <method signature="MakeMyTripTest.Cabs1()[pri:4, instance:TestScript.MakeMyTripTest@e350b40]" name="Cabs1" class="TestScript.MakeMyTripTest"/>
        <method signature="MakeMyTripTest.GiftCards()[pri:7, instance:TestScript.MakeMyTripTest@e350b40]" name="GiftCards" class="TestScript.MakeMyTripTest"/>
        <method signature="MakeMyTripTest.GiftCards1()[pri:8, instance:TestScript.MakeMyTripTest@e350b40]" name="GiftCards1" class="TestScript.MakeMyTripTest"/>
        <method signature="MakeMyTripTest.Hotels()[pri:11, instance:TestScript.MakeMyTripTest@e350b40]" name="Hotels" class="TestScript.MakeMyTripTest"/>
        <method signature="MakeMyTripTest.Hotels1()[pri:12, instance:TestScript.MakeMyTripTest@e350b40]" name="Hotels1" class="TestScript.MakeMyTripTest"/>
        <method signature="MakeMyTripTest.LaunchApp()[pri:2, instance:TestScript.MakeMyTripTest@e350b40]" name="LaunchApp" class="TestScript.MakeMyTripTest"/>
        <method signature="MakeMyTripTest.cabType()[pri:6, instance:TestScript.MakeMyTripTest@e350b40]" name="cabType" class="TestScript.MakeMyTripTest"/>
        <method signature="MakeMyTripTest.extentReportFile()[pri:1, instance:TestScript.MakeMyTripTest@e350b40]" name="extentReportFile" class="TestScript.MakeMyTripTest"/>
        <method signature="MakeMyTripTest.navigation()[pri:10, instance:TestScript.MakeMyTripTest@e350b40]" name="navigation" class="TestScript.MakeMyTripTest"/>
        <method signature="MakeMyTripTest.search()[pri:5, instance:TestScript.MakeMyTripTest@e350b40]" name="search" class="TestScript.MakeMyTripTest"/>
      </group> <!-- Regression -->
      <group name="smoke">
        <method signature="MakeMyTripTest.Cabs()[pri:3, instance:TestScript.MakeMyTripTest@e350b40]" name="Cabs" class="TestScript.MakeMyTripTest"/>
        <method signature="MakeMyTripTest.GiftCards()[pri:7, instance:TestScript.MakeMyTripTest@e350b40]" name="GiftCards" class="TestScript.MakeMyTripTest"/>
        <method signature="MakeMyTripTest.Hotels()[pri:11, instance:TestScript.MakeMyTripTest@e350b40]" name="Hotels" class="TestScript.MakeMyTripTest"/>
        <method signature="MakeMyTripTest.LaunchApp()[pri:2, instance:TestScript.MakeMyTripTest@e350b40]" name="LaunchApp" class="TestScript.MakeMyTripTest"/>
        <method signature="MakeMyTripTest.extentReportFile()[pri:1, instance:TestScript.MakeMyTripTest@e350b40]" name="extentReportFile" class="TestScript.MakeMyTripTest"/>
        <method signature="MakeMyTripTest.navigation()[pri:10, instance:TestScript.MakeMyTripTest@e350b40]" name="navigation" class="TestScript.MakeMyTripTest"/>
        <method signature="MakeMyTripTest.search()[pri:5, instance:TestScript.MakeMyTripTest@e350b40]" name="search" class="TestScript.MakeMyTripTest"/>
      </group> <!-- smoke -->
    </groups>
    <test started-at="2022-02-09T17:26:39 IST" name="Default test" finished-at="2022-02-09T17:29:33 IST" duration-ms="173870">
      <class name="TestScript.MakeMyTripTest">
        <test-method is-config="true" signature="BrowserCall()[pri:0, instance:TestScript.MakeMyTripTest@e350b40]" started-at="2022-02-09T17:25:59 IST" name="BrowserCall" finished-at="2022-02-09T17:26:39 IST" duration-ms="40098" status="PASS">
          <reporter-output>
          </reporter-output>
        </test-method> <!-- BrowserCall -->
        <test-method signature="extentReportFile()[pri:1, instance:TestScript.MakeMyTripTest@e350b40]" started-at="2022-02-09T17:26:40 IST" name="extentReportFile" finished-at="2022-02-09T17:26:40 IST" duration-ms="701" status="PASS">
          <reporter-output>
          </reporter-output>
        </test-method> <!-- extentReportFile -->
        <test-method signature="LaunchApp()[pri:2, instance:TestScript.MakeMyTripTest@e350b40]" started-at="2022-02-09T17:26:40 IST" name="LaunchApp" finished-at="2022-02-09T17:26:59 IST" duration-ms="18707" status="PASS">
          <reporter-output>
          </reporter-output>
        </test-method> <!-- LaunchApp -->
        <test-method signature="Cabs()[pri:3, instance:TestScript.MakeMyTripTest@e350b40]" started-at="2022-02-09T17:26:59 IST" name="Cabs" finished-at="2022-02-09T17:27:15 IST" duration-ms="16193" status="PASS">
          <reporter-output>
          </reporter-output>
        </test-method> <!-- Cabs -->
        <test-method signature="Cabs1()[pri:4, instance:TestScript.MakeMyTripTest@e350b40]" started-at="2022-02-09T17:27:15 IST" name="Cabs1" finished-at="2022-02-09T17:27:57 IST" duration-ms="41807" status="PASS">
          <reporter-output>
          </reporter-output>
        </test-method> <!-- Cabs1 -->
        <test-method signature="search()[pri:5, instance:TestScript.MakeMyTripTest@e350b40]" started-at="2022-02-09T17:27:57 IST" name="search" finished-at="2022-02-09T17:28:06 IST" duration-ms="8930" status="PASS">
          <reporter-output>
          </reporter-output>
        </test-method> <!-- search -->
        <test-method signature="cabType()[pri:6, instance:TestScript.MakeMyTripTest@e350b40]" started-at="2022-02-09T17:28:06 IST" name="cabType" finished-at="2022-02-09T17:28:17 IST" duration-ms="10650" status="PASS">
          <reporter-output>
          </reporter-output>
        </test-method> <!-- cabType -->
        <test-method signature="GiftCards()[pri:7, instance:TestScript.MakeMyTripTest@e350b40]" started-at="2022-02-09T17:28:17 IST" name="GiftCards" finished-at="2022-02-09T17:28:30 IST" duration-ms="12999" status="PASS">
          <reporter-output>
          </reporter-output>
        </test-method> <!-- GiftCards -->
        <test-method signature="GiftCards1()[pri:8, instance:TestScript.MakeMyTripTest@e350b40]" started-at="2022-02-09T17:28:30 IST" name="GiftCards1" finished-at="2022-02-09T17:29:16 IST" duration-ms="46746" status="PASS">
          <reporter-output>
          </reporter-output>
        </test-method> <!-- GiftCards1 -->
        <test-method signature="navigation()[pri:10, instance:TestScript.MakeMyTripTest@e350b40]" started-at="2022-02-09T17:29:16 IST" name="navigation" finished-at="2022-02-09T17:29:23 IST" duration-ms="6830" status="PASS">
          <reporter-output>
          </reporter-output>
        </test-method> <!-- navigation -->
        <test-method signature="Hotels()[pri:11, instance:TestScript.MakeMyTripTest@e350b40]" started-at="2022-02-09T17:29:23 IST" name="Hotels" finished-at="2022-02-09T17:29:28 IST" duration-ms="5173" status="PASS">
          <reporter-output>
          </reporter-output>
        </test-method> <!-- Hotels -->
        <test-method signature="Hotels1()[pri:12, instance:TestScript.MakeMyTripTest@e350b40]" started-at="2022-02-09T17:29:28 IST" name="Hotels1" finished-at="2022-02-09T17:29:33 IST" duration-ms="4868" status="PASS">
          <reporter-output>
          </reporter-output>
        </test-method> <!-- Hotels1 -->
        <test-method is-config="true" signature="CloseBrowser()[pri:0, instance:TestScript.MakeMyTripTest@e350b40]" started-at="2022-02-09T17:29:33 IST" name="CloseBrowser" finished-at="2022-02-09T17:29:38 IST" duration-ms="5102" status="PASS">
          <reporter-output>
          </reporter-output>
        </test-method> <!-- CloseBrowser -->
      </class> <!-- TestScript.MakeMyTripTest -->
    </test> <!-- Default test -->
  </suite> <!-- Default suite -->
</testng-results>
